#
# A fatal error has been detected by the Java Runtime Environment:
#
#  EXCEPTION_ACCESS_VIOLATION (0xc0000005) at pc=0x00007ffbc4841bc5, pid=17760, tid=18764
#
# JRE version:  (17.0.6+9) (build )
# Java VM: Java HotSpot(TM) 64-Bit Server VM (17.0.6+9-LTS-190, mixed mode, sharing, tiered, unknown gc, windows-amd64)
# Problematic frame:
# C  [jimage.dll+0x1bc5]
#
# No core dump will be written. Minidumps are not enabled by default on client versions of Windows
#
#

---------------  S U M M A R Y ------------

Command Line: 

Host: 11th Gen Intel(R) Core(TM) i7-1165G7 @ 2.80GHz, 8 cores, 7G,  Windows 10 , 64 bit Build 19041 (10.0.19041.2546)
Time: Thu Mar 30 12:57:36 2023 Sri Lanka Standard Time elapsed time: 0.244885 seconds (0d 0h 0m 0s)

---------------  T H R E A D  ---------------

Current thread is native thread

Stack: [0x000000938c500000,0x000000938c600000],  sp=0x000000938c5fd2b0,  free space=1012k
Native frames: (J=compiled Java code, j=interpreted, Vv=VM code, C=native code)
C  [jimage.dll+0x1bc5]
C  [jimage.dll+0x1d53]
C  [jimage.dll+0x2619]
V  [jvm.dll+0x1ef0aa]
V  [jvm.dll+0xaeb8e]
V  [jvm.dll+0x7823bc]
V  [jvm.dll+0x3e757f]
V  [jvm.dll+0x3e9001]
C  [jli.dll+0x5297]
C  [ucrtbase.dll+0x21bb2]
C  [KERNEL32.DLL+0x17614]
C  [ntdll.dll+0x526a1]


siginfo: EXCEPTION_ACCESS_VIOLATION (0xc0000005), reading address 0x0000000000009f44


Registers:
RAX=0x00000000000027ca, RBX=0x000000938c5fd3a1, RCX=0x00007ffbc4846000, RDX=0x00000000000027ca
RSP=0x000000938c5fd2b0, RBP=0x000000938c5fd3a0, RSI=0x00000000000071e7, RDI=0x000000938c5fd3a0
R8 =0x00007ffbc4844298, R9 =0x000000000000001c, R10=0x00007ffbc4910000, R11=0x00007ffbc4846000
R12=0x0000000000000000, R13=0x0000022756117940, R14=0x000000938c5fe410, R15=0x00007ffb85de5198
RIP=0x00007ffbc4841bc5, EFLAGS=0x0000000000010246

Top of Stack: (sp=0x000000938c5fd2b0)
0x000000938c5fd2b0:   000000938c3c0000 0000000000000003
0x000000938c5fd2c0:   0000022755f11788 000000938c5fd420
0x000000938c5fd2d0:   0000022756110310 00007ffbc4841d53
0x000000938c5fd2e0:   000000000000000b 0000022756110310
0x000000938c5fd2f0:   000000938c5fd341 000000938c5fd420
0x000000938c5fd300:   00000000000006f5 0000022756100150
0x000000938c5fd310:   00000000000006f5 00000000000006f5
0x000000938c5fd320:   00000000000006f5 0000022756100000
0x000000938c5fd330:   0000022756200000 00007ffbd0bae2a9
0x000000938c5fd340:   00009657fc8d1b89 0000000319000019
0x000000938c5fd350:   00007ffb85dc3bd0 0000000000000017
0x000000938c5fd360:   0000022756110310 000000938c5fe410
0x000000938c5fd370:   000000000000000b 00007ffbc4842619
0x000000938c5fd380:   0000022756200070 0000022756200000
0x000000938c5fd390:   0000022756100000 0000022756100000
0x000000938c5fd3a0:   61622e6176616a2f 692f6b646a2f6573 

Instructions: (pc=0x00007ffbc4841bc5)
0x00007ffbc4841ac5:   48 85 c9 74 1d 80 3d 3f 45 00 00 00 74 06 48 8b
0x00007ffbc4841ad5:   53 18 eb 04 48 8b 53 40 e8 96 0e 00 00 48 83 63
0x00007ffbc4841ae5:   48 00 8b 4b 0c 83 f9 ff 74 09 e8 cc 0c 00 00 83
0x00007ffbc4841af5:   4b 0c ff 48 8b 4b 70 48 85 c9 74 0f ba 10 00 00
0x00007ffbc4841b05:   00 e8 ed 0e 00 00 48 83 63 70 00 48 83 c4 20 5b
0x00007ffbc4841b15:   c3 cc cc 40 53 48 83 ec 20 48 8b d9 48 8d 0d f8
0x00007ffbc4841b25:   46 00 00 e8 9b 0c 00 00 83 6b 08 01 75 24 48 8b
0x00007ffbc4841b35:   d3 48 8d 0d db 44 00 00 e8 22 08 00 00 48 8b cb
0x00007ffbc4841b45:   e8 d6 fe ff ff ba 78 00 00 00 48 8b cb e8 a1 0e
0x00007ffbc4841b55:   00 00 48 8d 0d c2 46 00 00 48 83 c4 20 5b e9 68
0x00007ffbc4841b65:   0c 00 00 48 89 5c 24 08 48 89 74 24 10 57 48 83
0x00007ffbc4841b75:   ec 20 41 8b f1 4d 8b c8 48 8b fa 4c 8b d9 4d 85
0x00007ffbc4841b85:   c0 74 78 85 f6 74 74 44 8a 12 48 8d 5a 01 48 8b
0x00007ffbc4841b95:   d3 b8 93 01 00 01 eb 12 69 c0 93 01 00 01 41 0f
0x00007ffbc4841ba5:   b6 ca 44 8a 12 33 c1 48 ff c2 45 84 d2 75 e9 4d
0x00007ffbc4841bb5:   8b 03 0f ba f0 1f 33 d2 49 8b cb f7 f6 48 63 c2
0x00007ffbc4841bc5:   41 8b 14 81 41 ff 50 08 85 c0 7e 24 8a 0f eb 10
0x00007ffbc4841bd5:   69 c0 93 01 00 01 0f b6 c9 33 c1 8a 0b 48 ff c3
0x00007ffbc4841be5:   84 c9 75 ec 0f ba f0 1f 33 d2 f7 f6 8b c2 eb 0e
0x00007ffbc4841bf5:   79 09 83 c9 ff 2b c8 8b c1 eb 03 83 c8 ff 48 8b
0x00007ffbc4841c05:   5c 24 30 48 8b 74 24 38 48 83 c4 20 5f c3 cc 48
0x00007ffbc4841c15:   89 5c 24 08 48 89 74 24 10 57 48 83 ec 20 48 8b
0x00007ffbc4841c25:   f1 48 8d 0d f3 45 00 00 e8 96 0b 00 00 33 ff 39
0x00007ffbc4841c35:   3d de 43 00 00 76 24 48 8b 05 dd 43 00 00 48 8b
0x00007ffbc4841c45:   d6 48 8b 1c f8 48 8b 0b e8 68 1e 00 00 85 c0 74
0x00007ffbc4841c55:   2b ff c7 3b 3d ba 43 00 00 72 dc 33 db 48 8d 0d
0x00007ffbc4841c65:   b7 45 00 00 e8 62 0b 00 00 48 8b 74 24 38 48 8b
0x00007ffbc4841c75:   c3 48 8b 5c 24 30 48 83 c4 20 5f c3 ff 43 08 eb
0x00007ffbc4841c85:   dc cc cc 48 89 5c 24 08 48 89 74 24 10 57 48 83
0x00007ffbc4841c95:   ec 20 48 8b d9 48 8b f2 48 8b 49 10 49 8b f8 8b
0x00007ffbc4841ca5:   53 30 48 8b 01 ff 50 20 4c 8b 43 50 48 8b d6 48
0x00007ffbc4841cb5:   8b 4b 10 44 8b c8 e8 a8 fe ff ff 83 f8 ff 74 38 



---------------  P R O C E S S  ---------------

VM state: not at safepoint (not fully initialized)

VM Mutex/Monitor currently owned by a thread: None

GC Precious Log:
<Not initialized>


Dynamic libraries:
0x00007ff699170000 - 0x00007ff699180000 	C:\Program Files\Java\jdk-17\bin\java.exe
0x00007ffbd0b90000 - 0x00007ffbd0d88000 	C:\Windows\SYSTEM32\ntdll.dll
0x00007ffbd0690000 - 0x00007ffbd074f000 	C:\Windows\System32\KERNEL32.DLL
0x00007ffbce8d0000 - 0x00007ffbceba2000 	C:\Windows\System32\KERNELBASE.dll
0x00007ffbce3f0000 - 0x00007ffbce4f0000 	C:\Windows\System32\ucrtbase.dll
0x00007ffbaa1c0000 - 0x00007ffbaa1d8000 	C:\Program Files\Java\jdk-17\bin\jli.dll
0x00007ffbd0780000 - 0x00007ffbd082e000 	C:\Windows\System32\ADVAPI32.dll
0x00007ffbcf970000 - 0x00007ffbcfa0e000 	C:\Windows\System32\msvcrt.dll
0x00007ffbcf750000 - 0x00007ffbcf7ec000 	C:\Windows\System32\sechost.dll
0x00007ffbcf2c0000 - 0x00007ffbcf3e4000 	C:\Windows\System32\RPCRT4.dll
0x00007ffbd0400000 - 0x00007ffbd05a1000 	C:\Windows\System32\USER32.dll
0x00007ffbcebb0000 - 0x00007ffbcebd2000 	C:\Windows\System32\win32u.dll
0x00007ffbcfa10000 - 0x00007ffbcfa3b000 	C:\Windows\System32\GDI32.dll
0x00007ffbce710000 - 0x00007ffbce81f000 	C:\Windows\System32\gdi32full.dll
0x00007ffbce670000 - 0x00007ffbce70d000 	C:\Windows\System32\msvcp_win.dll
0x00007ffbc4910000 - 0x00007ffbc492b000 	C:\Program Files\Java\jdk-17\bin\VCRUNTIME140.dll
0x00007ffbb6440000 - 0x00007ffbb66da000 	C:\Windows\WinSxS\amd64_microsoft.windows.common-controls_6595b64144ccf1df_6.0.19041.1110_none_60b5254171f9507e\COMCTL32.dll
0x00007ffbc5980000 - 0x00007ffbc598a000 	C:\Windows\SYSTEM32\VERSION.dll
0x00007ffbd0750000 - 0x00007ffbd0780000 	C:\Windows\System32\IMM32.DLL
0x00007ffbc5880000 - 0x00007ffbc588c000 	C:\Program Files\Java\jdk-17\bin\vcruntime140_1.dll
0x00007ffb95810000 - 0x00007ffb9589e000 	C:\Program Files\Java\jdk-17\bin\msvcp140.dll
0x00007ffb85510000 - 0x00007ffb860e7000 	C:\Program Files\Java\jdk-17\bin\server\jvm.dll
0x00007ffbcf810000 - 0x00007ffbcf818000 	C:\Windows\System32\PSAPI.DLL
0x00007ffbc53c0000 - 0x00007ffbc53c9000 	C:\Windows\SYSTEM32\WSOCK32.dll
0x00007ffbcf900000 - 0x00007ffbcf96b000 	C:\Windows\System32\WS2_32.dll
0x00007ffbbd010000 - 0x00007ffbbd037000 	C:\Windows\SYSTEM32\WINMM.dll
0x00007ffbccd50000 - 0x00007ffbccd62000 	C:\Windows\SYSTEM32\kernel.appcore.dll
0x00007ffbc4840000 - 0x00007ffbc484a000 	C:\Program Files\Java\jdk-17\bin\jimage.dll
0x00007ffbcc040000 - 0x00007ffbcc224000 	C:\Windows\SYSTEM32\DBGHELP.DLL
0x00007ffbbe740000 - 0x00007ffbbe775000 	C:\Windows\SYSTEM32\dbgcore.DLL
0x00007ffbce5b0000 - 0x00007ffbce632000 	C:\Windows\System32\bcryptPrimitives.dll

dbghelp: loaded successfully - version: 4.0.5 - missing functions: none
symbol engine: initialized successfully - sym options: 0x614 - pdb path: .;C:\Program Files\Java\jdk-17\bin;C:\Windows\SYSTEM32;C:\Windows\WinSxS\amd64_microsoft.windows.common-controls_6595b64144ccf1df_6.0.19041.1110_none_60b5254171f9507e;C:\Program Files\Java\jdk-17\bin\server

VM Arguments:
java_command: <unknown>
java_class_path (initial): <not set>
Launcher Type: SUN_STANDARD

[Global flags]
     bool UseLargePagesIndividualAllocation        = false                                  {pd product} {ergonomic}

Logging:
Log output configuration:
 #0: stdout all=warning uptime,level,tags
 #1: stderr all=off uptime,level,tags

Environment Variables:
PATH=C:\Program Files\Common Files\Oracle\Java\javapath;C:\Windows\system32;C:\Windows;C:\Windows\System32\Wbem;C:\Windows\System32\WindowsPowerShell\v1.0\;C:\Windows\System32\OpenSSH\;C:\Program Files\nodejs\;C:\ProgramData\chocolatey\bin;C:\Program Files\Git\cmd;C:\Program Files\Java\jdk1.8.0_202\bin;C:\Program Files\Java\jre1.8.0_361\bin;C:\Program Files\Java\jdk-17\bin;C:\Users\chama_09exk9u\AppData\Local\Microsoft\WindowsApps;C:\Users\chama_09exk9u\AppData\Local\Programs\Microsoft VS Code\bin;C:\Program Files\JetBrains\IntelliJ IDEA 2022.3.3\bin;;C:\Program Files\Java\jre1.8.0_361\bin;C:\Program Files\Java\jdk1.8.0_202\bin;C:\Program Files\Java\jdk-17\bin;
USERNAME=chama_09exk9u
OS=Windows_NT
PROCESSOR_IDENTIFIER=Intel64 Family 6 Model 140 Stepping 1, GenuineIntel



---------------  S Y S T E M  ---------------

OS:
 Windows 10 , 64 bit Build 19041 (10.0.19041.2546)
OS uptime: 1 days 1:01 hours

CPU: total 8 (initial active 0) 

Memory: 4k page, system-wide physical 7883M (210M free)
TotalPageFile size 32459M (AvailPageFile size 21M)
current process WorkingSet (physical memory assigned to process): 7M, peak: 7M
current process commit charge ("private bytes"): 3M, peak: 3M

vm_info: Java HotSpot(TM) 64-Bit Server VM (17.0.6+9-LTS-190) for windows-amd64 JRE (17.0.6+9-LTS-190), built on Dec  6 2022 15:53:54 by "mach5one" with MS VC++ 17.1 (VS2022)

END.
