#
# There is insufficient memory for the Java Runtime Environment to continue.
# Native memory allocation (mmap) failed to map 130023424 bytes for G1 virtual space
# Possible reasons:
#   The system is out of physical RAM or swap space
#   The process is running with CompressedOops enabled, and the Java Heap may be blocking the growth of the native heap
# Possible solutions:
#   Reduce memory load on the system
#   Increase physical memory or swap space
#   Check if swap backing store is full
#   Decrease Java heap size (-Xmx/-Xms)
#   Decrease number of Java threads
#   Decrease Java thread stack sizes (-Xss)
#   Set larger code cache with -XX:ReservedCodeCacheSize=
#   JVM is running with Unscaled Compressed Oops mode in which the Java heap is
#     placed in the first 4GB address space. The Java Heap base address is the
#     maximum limit for the native heap growth. Please use -XX:HeapBaseMinAddress
#     to set the Java Heap base and to place the Java Heap above 4GB virtual address.
# This output file may be truncated or incomplete.
#
#  Out of Memory Error (os_windows.cpp:3550), pid=20600, tid=22192
#
# JRE version:  (17.0.6+9) (build )
# Java VM: Java HotSpot(TM) 64-Bit Server VM (17.0.6+9-LTS-190, mixed mode, sharing, tiered, compressed oops, compressed class ptrs, g1 gc, windows-amd64)
# No core dump will be written. Minidumps are not enabled by default on client versions of Windows
#

---------------  S U M M A R Y ------------

Command Line: -Dfile.encoding=UTF-8 --module-path=C:\Users\chama_09exk9u\OneDrive\Desktop\Project1\build\classes inf.login

Host: 11th Gen Intel(R) Core(TM) i7-1165G7 @ 2.80GHz, 8 cores, 7G,  Windows 10 , 64 bit Build 19041 (10.0.19041.2546)
Time: Thu Mar 30 12:57:38 2023 Sri Lanka Standard Time elapsed time: 0.028536 seconds (0d 0h 0m 0s)

---------------  T H R E A D  ---------------

Current thread (0x00000297c929b970):  JavaThread "Unknown thread" [_thread_in_vm, id=22192, stack(0x000000e952000000,0x000000e952100000)]

Stack: [0x000000e952000000,0x000000e952100000]
Native frames: (J=compiled Java code, j=interpreted, Vv=VM code, C=native code)
V  [jvm.dll+0x6734ea]
V  [jvm.dll+0x7d18f4]
V  [jvm.dll+0x7d309e]
V  [jvm.dll+0x7d3703]
V  [jvm.dll+0x2433c5]
V  [jvm.dll+0x6703f9]
V  [jvm.dll+0x664d32]
V  [jvm.dll+0x300086]
V  [jvm.dll+0x307606]
V  [jvm.dll+0x356c1e]
V  [jvm.dll+0x356e4f]
V  [jvm.dll+0x2d72e8]
V  [jvm.dll+0x2d8254]
V  [jvm.dll+0x7a33b1]
V  [jvm.dll+0x3647f1]
V  [jvm.dll+0x782839]
V  [jvm.dll+0x3e757f]
V  [jvm.dll+0x3e9001]
C  [jli.dll+0x5297]
C  [ucrtbase.dll+0x21bb2]
C  [KERNEL32.DLL+0x17614]
C  [ntdll.dll+0x526a1]


---------------  P R O C E S S  ---------------

Threads class SMR info:
_java_thread_list=0x00007ffb85fbe958, length=0, elements={
}

Java Threads: ( => current thread )

Other Threads:
  0x00000297c92f6130 GCTaskThread "GC Thread#0" [stack: 0x000000e952200000,0x000000e952300000] [id=20924]
  0x00000297c93066f0 ConcurrentGCThread "G1 Main Marker" [stack: 0x000000e952300000,0x000000e952400000] [id=17668]
  0x00000297c9307100 ConcurrentGCThread "G1 Conc#0" [stack: 0x000000e952400000,0x000000e952500000] [id=12644]

[error occurred during error reporting (printing all threads), id 0xc0000005, EXCEPTION_ACCESS_VIOLATION (0xc0000005) at pc=0x00007ffb857f7f07]

VM state: not at safepoint (not fully initialized)

VM Mutex/Monitor currently owned by a thread:  ([mutex/lock_event])
[0x00000297c9297bd0] Heap_lock - owner thread: 0x00000297c929b970

Heap address: 0x0000000084c00000, size: 1972 MB, Compressed Oops mode: 32-bit

CDS archive(s) mapped at: [0x0000000000000000-0x0000000000000000-0x0000000000000000), size 0, SharedBaseAddress: 0x0000000800000000, ArchiveRelocationMode: 0.
Narrow klass base: 0x0000000000000000, Narrow klass shift: 0, Narrow klass range: 0x0

GC Precious Log:
<Empty>

Heap:
 garbage-first heap   total 0K, used 0K [0x0000000084c00000, 0x0000000100000000)
  region size 1024K, 0 young (0K), 0 survivors (0K)

[error occurred during error reporting (printing heap information), id 0xc0000005, EXCEPTION_ACCESS_VIOLATION (0xc0000005) at pc=0x00007ffb85bdc759]

GC Heap History (0 events):
No events

Deoptimization events (0 events):
No events

Classes unloaded (0 events):
No events

Classes redefined (0 events):
No events

Internal exceptions (0 events):
No events

VM Operations (0 events):
No events

Events (1 events):
Event: 0.014 Loaded shared library C:\Program Files\Java\jdk-17\bin\java.dll


Dynamic libraries:
0x00007ff699170000 - 0x00007ff699180000 	C:\Program Files\Java\jdk-17\bin\java.exe
0x00007ffbd0b90000 - 0x00007ffbd0d88000 	C:\Windows\SYSTEM32\ntdll.dll
0x00007ffbd0690000 - 0x00007ffbd074f000 	C:\Windows\System32\KERNEL32.DLL
0x00007ffbce8d0000 - 0x00007ffbceba2000 	C:\Windows\System32\KERNELBASE.dll
0x00007ffbce3f0000 - 0x00007ffbce4f0000 	C:\Windows\System32\ucrtbase.dll
0x00007ffbaa1c0000 - 0x00007ffbaa1d8000 	C:\Program Files\Java\jdk-17\bin\jli.dll
0x00007ffbd0780000 - 0x00007ffbd082e000 	C:\Windows\System32\ADVAPI32.dll
0x00007ffbcf970000 - 0x00007ffbcfa0e000 	C:\Windows\System32\msvcrt.dll
0x00007ffbcf750000 - 0x00007ffbcf7ec000 	C:\Windows\System32\sechost.dll
0x00007ffbcf2c0000 - 0x00007ffbcf3e4000 	C:\Windows\System32\RPCRT4.dll
0x00007ffbd0400000 - 0x00007ffbd05a1000 	C:\Windows\System32\USER32.dll
0x00007ffbcebb0000 - 0x00007ffbcebd2000 	C:\Windows\System32\win32u.dll
0x00007ffbcfa10000 - 0x00007ffbcfa3b000 	C:\Windows\System32\GDI32.dll
0x00007ffbce710000 - 0x00007ffbce81f000 	C:\Windows\System32\gdi32full.dll
0x00007ffbce670000 - 0x00007ffbce70d000 	C:\Windows\System32\msvcp_win.dll
0x00007ffbc4910000 - 0x00007ffbc492b000 	C:\Program Files\Java\jdk-17\bin\VCRUNTIME140.dll
0x00007ffbb6440000 - 0x00007ffbb66da000 	C:\Windows\WinSxS\amd64_microsoft.windows.common-controls_6595b64144ccf1df_6.0.19041.1110_none_60b5254171f9507e\COMCTL32.dll
0x00007ffbc5980000 - 0x00007ffbc598a000 	C:\Windows\SYSTEM32\VERSION.dll
0x00007ffbd0750000 - 0x00007ffbd0780000 	C:\Windows\System32\IMM32.DLL
0x00007ffbc5880000 - 0x00007ffbc588c000 	C:\Program Files\Java\jdk-17\bin\vcruntime140_1.dll
0x00007ffb95810000 - 0x00007ffb9589e000 	C:\Program Files\Java\jdk-17\bin\msvcp140.dll
0x00007ffb85510000 - 0x00007ffb860e7000 	C:\Program Files\Java\jdk-17\bin\server\jvm.dll
0x00007ffbcf810000 - 0x00007ffbcf818000 	C:\Windows\System32\PSAPI.DLL
0x00007ffbc53c0000 - 0x00007ffbc53c9000 	C:\Windows\SYSTEM32\WSOCK32.dll
0x00007ffbcf900000 - 0x00007ffbcf96b000 	C:\Windows\System32\WS2_32.dll
0x00007ffbbd010000 - 0x00007ffbbd037000 	C:\Windows\SYSTEM32\WINMM.dll
0x00007ffbccd50000 - 0x00007ffbccd62000 	C:\Windows\SYSTEM32\kernel.appcore.dll
0x00007ffbc4840000 - 0x00007ffbc484a000 	C:\Program Files\Java\jdk-17\bin\jimage.dll
0x00007ffbcc040000 - 0x00007ffbcc224000 	C:\Windows\SYSTEM32\DBGHELP.DLL
0x00007ffbbe740000 - 0x00007ffbbe775000 	C:\Windows\SYSTEM32\dbgcore.DLL
0x00007ffbce5b0000 - 0x00007ffbce632000 	C:\Windows\System32\bcryptPrimitives.dll
0x00007ffba6f20000 - 0x00007ffba6f45000 	C:\Program Files\Java\jdk-17\bin\java.dll

dbghelp: loaded successfully - version: 4.0.5 - missing functions: none
symbol engine: initialized successfully - sym options: 0x614 - pdb path: .;C:\Program Files\Java\jdk-17\bin;C:\Windows\SYSTEM32;C:\Windows\WinSxS\amd64_microsoft.windows.common-controls_6595b64144ccf1df_6.0.19041.1110_none_60b5254171f9507e;C:\Program Files\Java\jdk-17\bin\server

VM Arguments:
jvm_args: -Dfile.encoding=UTF-8 --module-path=C:\Users\chama_09exk9u\OneDrive\Desktop\Project1\build\classes 
java_command: inf.login
java_class_path (initial): C:\Users\chama_09exk9u\Downloads\sqlitejdbc-v056.jar;C:\Program Files\NetBeans-17\netbeans\java\modules\ext\AbsoluteLayout.jar;C:\Users\chama_09exk9u\OneDrive\Desktop\Project1\build\classes
Launcher Type: SUN_STANDARD

[Global flags]
     intx CICompilerCount                          = 4                                         {product} {ergonomic}
     uint ConcGCThreads                            = 2                                         {product} {ergonomic}
     uint G1ConcRefinementThreads                  = 8                                         {product} {ergonomic}
   size_t G1HeapRegionSize                         = 1048576                                   {product} {ergonomic}
    uintx GCDrainStackTargetSize                   = 64                                        {product} {ergonomic}
   size_t InitialHeapSize                          = 130023424                                 {product} {ergonomic}
   size_t MarkStackSize                            = 4194304                                   {product} {ergonomic}
   size_t MaxHeapSize                              = 2067791872                                {product} {ergonomic}
   size_t MinHeapDeltaBytes                        = 1048576                                   {product} {ergonomic}
   size_t MinHeapSize                              = 8388608                                   {product} {ergonomic}
    uintx NonNMethodCodeHeapSize                   = 5839372                                {pd product} {ergonomic}
    uintx NonProfiledCodeHeapSize                  = 122909434                              {pd product} {ergonomic}
    uintx ProfiledCodeHeapSize                     = 122909434                              {pd product} {ergonomic}
    uintx ReservedCodeCacheSize                    = 251658240                              {pd product} {ergonomic}
     bool SegmentedCodeCache                       = true                                      {product} {ergonomic}
   size_t SoftMaxHeapSize                          = 2067791872                             {manageable} {ergonomic}
     bool UseCompressedClassPointers               = true                           {product lp64_product} {ergonomic}
     bool UseCompressedOops                        = true                           {product lp64_product} {ergonomic}
     bool UseG1GC                                  = true                                      {product} {ergonomic}
     bool UseLargePagesIndividualAllocation        = false                                  {pd product} {ergonomic}

Logging:
Log output configuration:
 #0: stdout all=warning uptime,level,tags
 #1: stderr all=off uptime,level,tags

Environment Variables:
PATH=C:\Program Files\Common Files\Oracle\Java\javapath;C:\Windows\system32;C:\Windows;C:\Windows\System32\Wbem;C:\Windows\System32\WindowsPowerShell\v1.0\;C:\Windows\System32\OpenSSH\;C:\Program Files\nodejs\;C:\ProgramData\chocolatey\bin;C:\Program Files\Git\cmd;C:\Program Files\Java\jdk1.8.0_202\bin;C:\Program Files\Java\jre1.8.0_361\bin;C:\Program Files\Java\jdk-17\bin;C:\Users\chama_09exk9u\AppData\Local\Microsoft\WindowsApps;C:\Users\chama_09exk9u\AppData\Local\Programs\Microsoft VS Code\bin;C:\Program Files\JetBrains\IntelliJ IDEA 2022.3.3\bin;;C:\Program Files\Java\jre1.8.0_361\bin;C:\Program Files\Java\jdk1.8.0_202\bin;C:\Program Files\Java\jdk-17\bin;
USERNAME=chama_09exk9u
OS=Windows_NT
PROCESSOR_IDENTIFIER=Intel64 Family 6 Model 140 Stepping 1, GenuineIntel



---------------  S Y S T E M  ---------------

OS:
 Windows 10 , 64 bit Build 19041 (10.0.19041.2546)
OS uptime: 1 days 1:01 hours

CPU: total 8 (initial active 8) (4 cores per cpu, 2 threads per core) family 6 model 140 stepping 1 microcode 0x9a, cx8, cmov, fxsr, ht, mmx, 3dnowpref, sse, sse2, sse3, ssse3, sse4.1, sse4.2, popcnt, lzcnt, tsc, tscinvbit, avx, avx2, aes, erms, clmul, bmi1, bmi2, adx, avx512f, avx512dq, avx512cd, avx512bw, avx512vl, sha, fma, vzeroupper, avx512_vpopcntdq, avx512_vpclmulqdq, avx512_vaes, avx512_vnni, clflush, clflushopt, clwb, avx512_vbmi2, avx512_vbmi

Memory: 4k page, system-wide physical 7883M (206M free)
TotalPageFile size 32459M (AvailPageFile size 22M)
current process WorkingSet (physical memory assigned to process): 10M, peak: 10M
current process commit charge ("private bytes"): 60M, peak: 184M

vm_info: Java HotSpot(TM) 64-Bit Server VM (17.0.6+9-LTS-190) for windows-amd64 JRE (17.0.6+9-LTS-190), built on Dec  6 2022 15:53:54 by "mach5one" with MS VC++ 17.1 (VS2022)

END.
